[0m11:16:01.220577 [debug] [MainThread]: Sending event: {'category': 'dbt', 'action': 'invocation', 'label': 'start', 'context': [<snowplow_tracker.self_describing_json.SelfDescribingJson object at 0x772d070b5e70>, <snowplow_tracker.self_describing_json.SelfDescribingJson object at 0x772d06098580>, <snowplow_tracker.self_describing_json.SelfDescribingJson object at 0x772d06098520>]}


============================== 11:16:01.224030 | a25dfe39-ab51-4900-895f-b5495666ef8f ==============================
[0m11:16:01.224030 [info ] [MainThread]: Running with dbt=1.10.13
[0m11:16:01.224540 [debug] [MainThread]: running dbt with arguments {'cache_selected_only': 'False', 'use_colors': 'True', 'indirect_selection': 'eager', 'debug': 'False', 'warn_error': 'None', 'target_path': 'None', 'log_format': 'default', 'version_check': 'True', 'introspect': 'True', 'log_path': 'logs', 'profiles_dir': '/home/uyen/.dbt', 'warn_error_options': 'WarnErrorOptionsV2(error=[], warn=[], silence=[])', 'printer_width': '80', 'static_parser': 'True', 'empty': 'None', 'partial_parse': 'True', 'no_print': 'None', 'quiet': 'False', 'use_experimental_parser': 'False', 'write_json': 'True', 'invocation_command': 'dbt init .', 'log_cache_events': 'False', 'fail_fast': 'False', 'send_anonymous_usage_stats': 'True'}
[0m11:16:01.235840 [info ] [MainThread]: Creating dbt configuration folder at /home/uyen/.dbt
[0m11:17:48.707234 [debug] [MainThread]: Starter project path: /home/uyen/env_common/lib/python3.10/site-packages/dbt/include/starter_project
[0m11:17:48.713023 [info ] [MainThread]: 
Your new dbt project "dbt_mart" was created!

For more information on how to configure the profiles.yml file,
please consult the dbt documentation here:

  https://docs.getdbt.com/docs/configure-your-profile

One more thing:

Need help? Don't hesitate to reach out to us via GitHub issues or on Slack:

  https://community.getdbt.com/

Happy modeling!

[0m11:17:48.713460 [info ] [MainThread]: Setting up your profile.
[0m11:21:41.178612 [info ] [MainThread]: Profile dbt_mart written to /home/uyen/.dbt/profiles.yml using target's profile_template.yml and your supplied values. Run 'dbt debug' to validate the connection.
[0m11:21:41.184502 [debug] [MainThread]: Resource report: {"command_name": "init", "command_success": true, "command_wall_clock_time": 359.50934, "process_in_blocks": "1240", "process_kernel_time": 0.06928, "process_mem_max_rss": "96740", "process_out_blocks": "88", "process_user_time": 1.108482}
[0m11:21:41.185598 [debug] [MainThread]: Command `dbt init` succeeded at 11:21:41.185387 after 359.51 seconds
[0m11:21:41.186205 [debug] [MainThread]: Sending event: {'category': 'dbt', 'action': 'invocation', 'label': 'end', 'context': [<snowplow_tracker.self_describing_json.SelfDescribingJson object at 0x772d070b5e70>, <snowplow_tracker.self_describing_json.SelfDescribingJson object at 0x772d05faa230>, <snowplow_tracker.self_describing_json.SelfDescribingJson object at 0x772d06099450>]}
[0m11:21:41.186813 [debug] [MainThread]: Flushing usage events
[0m11:21:42.499836 [debug] [MainThread]: An error was encountered while trying to flush usage events
